#
# A fatal error has been detected by the Java Runtime Environment:
#
#  EXCEPTION_ACCESS_VIOLATION (0xc0000005) at pc=0x000007fef30cb2b2, pid=5608, tid=0x0000000000001e80
#
# JRE version: Java(TM) SE Runtime Environment (8.0_102-b14) (build 1.8.0_102-b14)
# Java VM: Java HotSpot(TM) 64-Bit Server VM (25.102-b14 mixed mode windows-amd64 compressed oops)
# Problematic frame:
# C  [MSVCR120D.dll+0x4b2b2]
#
# Failed to write core dump. Minidumps are not enabled by default on client versions of Windows
#
# If you would like to submit a bug report, please visit:
#   http://bugreport.java.com/bugreport/crash.jsp
# The crash happened outside the Java Virtual Machine in native code.
# See problematic frame for where to report the bug.
#

---------------  T H R E A D  ---------------

Current thread (0x000000000214e800):  JavaThread "main" [_thread_in_native, id=7808, stack(0x0000000002590000,0x0000000002690000)]

siginfo: ExceptionCode=0xc0000005, reading address 0xffffffffffffffff

Registers:
RAX=0x755f746f682f3a47, RBX=0x0000000056da0690, RCX=0xcccccccc7418055c, RDX=0x0000000058b4c770
RSP=0x000000000268f3f8, RBP=0x000000000268f518, RSI=0x000000000214e800, RDI=0x000000000268f490
R8 =0x0000000058bab9a0, R9 =0x8101010101010100, R10=0x7efef8fef0fefcfe, R11=0xcccccccccccccccc
R12=0x0000000000000000, R13=0x0000000056da0690, R14=0x000000000268f548, R15=0x000000000214e800
RIP=0x000007fef30cb2b2, EFLAGS=0x0000000000010246

Top of Stack: (sp=0x000000000268f3f8)
0x000000000268f3f8:   000007fef5fd68b1 000000000214e9f8
0x000000000268f408:   000000000268f538 0000000000000000
0x000000000268f418:   cccccccccccccccc cccccccc00000004
0x000000000268f428:   0000000058b4c770 0000000058b4c7a0
0x000000000268f438:   0000000058bab9a0 cccccccccccccccc
0x000000000268f448:   000007fef5ff8dac cccccccccccccccc
0x000000000268f458:   cccccccccccccccc cccccccccccccccc
0x000000000268f468:   cccccccccccccccc cccccccccccccccc
0x000000000268f478:   cccccccccccccccc 0000ab736607f121
0x000000000268f488:   cccccccccccccccc 00000000ffffffff
0x000000000268f498:   00000000026a7f34 000000000214e9f8
0x000000000268f4a8:   000000000268f528 000000000268f548
0x000000000268f4b8:   000000000268f540 000000000268f538
0x000000000268f4c8:   000000000214e800 00000000026a7c62
0x000000000268f4d8:   000000000268f4d8 0000000056da0690
0x000000000268f4e8:   000000000268f548 0000000056da06f8 

Instructions: (pc=0x000007fef30cb2b2)
0x000007fef30cb292:   d9 48 2b ca f6 c2 07 74 1f 8a 02 88 04 11 84 c0
0x000007fef30cb2a2:   74 0a 48 ff c2 f6 c2 07 75 ef eb 0c 49 8b c3 c3
0x000007fef30cb2b2:   48 89 04 11 48 83 c2 08 48 8b 02 49 b9 ff fe fe
0x000007fef30cb2c2:   fe fe fe fe 7e 4c 03 c8 4c 8b d0 49 83 f2 ff 4d 


Register to memory mapping:

RAX=0x755f746f682f3a47 is an unknown value
RBX={method} {0x0000000056da0698} 'diff' '(Ljava/lang/String;Ljava/lang/String;Ljava/lang/String;)V' in 'app/update/service/AppBsDiff'
RCX=0xcccccccc7418055c is an unknown value
RDX=0x0000000058b4c770 is an unknown value
RSP=0x000000000268f3f8 is pointing into the stack for thread: 0x000000000214e800
RBP=0x000000000268f518 is pointing into the stack for thread: 0x000000000214e800
RSI=0x000000000214e800 is a thread
RDI=0x000000000268f490 is pointing into the stack for thread: 0x000000000214e800
R8 =0x0000000058bab9a0 is an unknown value
R9 =0x8101010101010100 is an unknown value
R10=0x7efef8fef0fefcfe is an unknown value
R11=0xcccccccccccccccc is an unknown value
R12=0x0000000000000000 is an unknown value
R13={method} {0x0000000056da0698} 'diff' '(Ljava/lang/String;Ljava/lang/String;Ljava/lang/String;)V' in 'app/update/service/AppBsDiff'
R14=0x000000000268f548 is pointing into the stack for thread: 0x000000000214e800
R15=0x000000000214e800 is a thread


Stack: [0x0000000002590000,0x0000000002690000],  sp=0x000000000268f3f8,  free space=1020k
Native frames: (J=compiled Java code, j=interpreted, Vv=VM code, C=native code)
C  [MSVCR120D.dll+0x4b2b2]
C  [app_bsdiff.dll+0x68b1]  Java_app_update_service_AppBsDiff_diff+0xd1
C  0x00000000026a7f34

Java frames: (J=compiled Java code, j=interpreted, Vv=VM code)
j  app.update.service.AppBsDiff.diff(Ljava/lang/String;Ljava/lang/String;Ljava/lang/String;)V+0
j  app.update.service.BsDiffTest.main([Ljava/lang/String;)V+6
v  ~StubRoutines::call_stub

---------------  P R O C E S S  ---------------

Java Threads: ( => current thread )
  0x0000000058ba4000 JavaThread "Service Thread" daemon [_thread_blocked, id=5400, stack(0x0000000059300000,0x0000000059400000)]
  0x0000000058b23800 JavaThread "C1 CompilerThread2" daemon [_thread_blocked, id=4408, stack(0x0000000059200000,0x0000000059300000)]
  0x0000000058b22800 JavaThread "C2 CompilerThread1" daemon [_thread_blocked, id=9892, stack(0x00000000590a0000,0x00000000591a0000)]
  0x0000000058b0a800 JavaThread "C2 CompilerThread0" daemon [_thread_blocked, id=10104, stack(0x0000000058f10000,0x0000000059010000)]
  0x000000005739f000 JavaThread "Attach Listener" daemon [_thread_blocked, id=9436, stack(0x00000000588f0000,0x00000000589f0000)]
  0x000000005739d800 JavaThread "Signal Dispatcher" daemon [_thread_blocked, id=5516, stack(0x0000000058700000,0x0000000058800000)]
  0x0000000057379800 JavaThread "Finalizer" daemon [_thread_blocked, id=7076, stack(0x0000000058490000,0x0000000058590000)]
  0x0000000057332800 JavaThread "Reference Handler" daemon [_thread_blocked, id=5960, stack(0x0000000058600000,0x0000000058700000)]
=>0x000000000214e800 JavaThread "main" [_thread_in_native, id=7808, stack(0x0000000002590000,0x0000000002690000)]

Other Threads:
  0x000000005732b000 VMThread [stack: 0x0000000058390000,0x0000000058490000] [id=10168]
  0x0000000058bc7800 WatcherThread [stack: 0x0000000059590000,0x0000000059690000] [id=5348]

VM state:not at safepoint (normal execution)

VM Mutex/Monitor currently owned by a thread: None

Heap:
 PSYoungGen      total 38400K, used 1997K [0x00000000d5a00000, 0x00000000d8480000, 0x0000000100000000)
  eden space 33280K, 6% used [0x00000000d5a00000,0x00000000d5bf3428,0x00000000d7a80000)
  from space 5120K, 0% used [0x00000000d7f80000,0x00000000d7f80000,0x00000000d8480000)
  to   space 5120K, 0% used [0x00000000d7a80000,0x00000000d7a80000,0x00000000d7f80000)
 ParOldGen       total 87552K, used 0K [0x0000000080e00000, 0x0000000086380000, 0x00000000d5a00000)
  object space 87552K, 0% used [0x0000000080e00000,0x0000000080e00000,0x0000000086380000)
 Metaspace       used 2662K, capacity 4486K, committed 4864K, reserved 1056768K
  class space    used 288K, capacity 386K, committed 512K, reserved 1048576K

Card table byte_map: [0x0000000011a50000,0x0000000011e50000] byte_map_base: 0x0000000011649000

Marking Bits: (ParMarkBitMap*) 0x000000007094a6c0
 Begin Bits: [0x0000000012610000, 0x00000000145d8000)
 End Bits:   [0x00000000145d8000, 0x00000000165a0000)

Polling page: 0x0000000000200000

CodeCache: size=245760Kb used=1115Kb max_used=1115Kb free=244644Kb
 bounds [0x0000000002690000, 0x0000000002900000, 0x0000000011690000]
 total_blobs=265 nmethods=31 adapters=148
 compilation: enabled

Compilation events (10 events):
Event: 0.131 Thread 0x0000000058b23800   28       3       java.lang.String::equals (81 bytes)
Event: 0.131 Thread 0x0000000058b23800 nmethod 28 0x00000000027a4790 code [0x00000000027a4920, 0x00000000027a4e70]
Event: 0.131 Thread 0x0000000058b23800   27       1       java.io.File::getPath (5 bytes)
Event: 0.131 Thread 0x0000000058b23800 nmethod 27 0x00000000027a5050 code [0x00000000027a51a0, 0x00000000027a52b0]
Event: 0.136 Thread 0x0000000058b23800   29       3       java.lang.System::getSecurityManager (4 bytes)
Event: 0.136 Thread 0x0000000058b23800 nmethod 29 0x00000000027a5b10 code [0x00000000027a5c60, 0x00000000027a5d90]
Event: 0.138 Thread 0x0000000058b23800   30       3       sun.nio.cs.ext.DoubleByte$Encoder::encodeChar (21 bytes)
Event: 0.138 Thread 0x0000000058b23800 nmethod 30 0x00000000027a5e10 code [0x00000000027a5f80, 0x00000000027a6130]
Event: 0.138 Thread 0x0000000058b23800   31       3       java.io.WinNTFileSystem::normalize (143 bytes)
Event: 0.139 Thread 0x0000000058b23800 nmethod 31 0x00000000027a6290 code [0x00000000027a6480, 0x00000000027a6ca8]

GC Heap History (0 events):
No events

Deoptimization events (0 events):
No events

Internal exceptions (2 events):
Event: 0.045 Thread 0x000000000214e800 Exception <a 'java/lang/NoSuchMethodError': Method sun.misc.Unsafe.defineClass(Ljava/lang/String;[BII)Ljava/lang/Class; name or signature does not match> (0x00000000d5a07c78) thrown at [C:\re\workspace\8-2-build-windows-amd64-cygwin\jdk8u102\7268\hotspot\sÞAwÇý¦?
Event: 0.045 Thread 0x000000000214e800 Exception <a 'java/lang/NoSuchMethodError': Method sun.misc.Unsafe.prefetchRead(Ljava/lang/Object;J)V name or signature does not match> (0x00000000d5a07f60) thrown at [C:\re\workspace\8-2-build-windows-amd64-cygwin\jdk8u102\7268\hotspot\src\share\vm\prims\

Events (10 events):
Event: 0.135 loading class sun/launcher/LauncherHelper$FXHelper
Event: 0.135 loading class sun/launcher/LauncherHelper$FXHelper done
Event: 0.135 loading class java/lang/Class$MethodArray
Event: 0.135 loading class java/lang/Class$MethodArray done
Event: 0.136 loading class java/lang/Void
Event: 0.136 loading class java/lang/Void done
Event: 0.136 loading class app/update/service/AppBsDiff
Event: 0.136 loading class app/update/service/AppBsDiff done
Event: 0.137 loading class java/lang/ClassLoaderHelper
Event: 0.137 loading class java/lang/ClassLoaderHelper done


Dynamic libraries:
0x000000013f5a0000 - 0x000000013f5d7000 	C:\Program Files\Java\jdk1.8.0_102\bin\javaw.exe
0x0000000077a60000 - 0x0000000077c09000 	C:\Windows\SYSTEM32\ntdll.dll
0x0000000077940000 - 0x0000000077a5f000 	C:\Windows\system32\kernel32.dll
0x000007fefdb60000 - 0x000007fefdbcb000 	C:\Windows\system32\KERNELBASE.dll
0x000007fefdd80000 - 0x000007fefde5b000 	C:\Windows\system32\ADVAPI32.dll
0x000007fefe0e0000 - 0x000007fefe17f000 	C:\Windows\system32\msvcrt.dll
0x000007feffc80000 - 0x000007feffc9f000 	C:\Windows\SYSTEM32\sechost.dll
0x000007fefe180000 - 0x000007fefe2ad000 	C:\Windows\system32\RPCRT4.dll
0x0000000077840000 - 0x000000007793a000 	C:\Windows\system32\USER32.dll
0x000007fefe070000 - 0x000007fefe0d7000 	C:\Windows\system32\GDI32.dll
0x000007fefed90000 - 0x000007fefed9e000 	C:\Windows\system32\LPK.dll
0x000007feffca0000 - 0x000007feffd69000 	C:\Windows\system32\USP10.dll
0x000007fefc3e0000 - 0x000007fefc5d4000 	C:\Windows\WinSxS\amd64_microsoft.windows.common-controls_6595b64144ccf1df_6.0.7601.17514_none_fa396087175ac9ac\COMCTL32.dll
0x000007feffbf0000 - 0x000007feffc61000 	C:\Windows\system32\SHLWAPI.dll
0x000007fefe640000 - 0x000007fefe66e000 	C:\Windows\system32\IMM32.DLL
0x000007fefec80000 - 0x000007fefed89000 	C:\Windows\system32\MSCTF.dll
0x0000000078d20000 - 0x0000000078df1000 	C:\Program Files\Java\jdk1.8.0_102\jre\bin\msvcr100.dll
0x0000000070130000 - 0x00000000709ca000 	C:\Program Files\Java\jdk1.8.0_102\jre\bin\server\jvm.dll
0x000007fefb4c0000 - 0x000007fefb4c9000 	C:\Windows\system32\WSOCK32.dll
0x000007fefe390000 - 0x000007fefe3dd000 	C:\Windows\system32\WS2_32.dll
0x000007feffc70000 - 0x000007feffc78000 	C:\Windows\system32\NSI.dll
0x000007fefa310000 - 0x000007fefa34b000 	C:\Windows\system32\WINMM.dll
0x000007fefcba0000 - 0x000007fefcbac000 	C:\Windows\system32\VERSION.dll
0x0000000077c30000 - 0x0000000077c37000 	C:\Windows\system32\PSAPI.DLL
0x0000000058af0000 - 0x0000000058aff000 	C:\Program Files\Java\jdk1.8.0_102\jre\bin\verify.dll
0x000000006d5c0000 - 0x000000006d5e9000 	C:\Program Files\Java\jdk1.8.0_102\jre\bin\java.dll
0x0000000000230000 - 0x0000000000246000 	C:\Program Files\Java\jdk1.8.0_102\jre\bin\zip.dll
0x000007fefedc0000 - 0x000007feffb48000 	C:\Windows\system32\SHELL32.dll
0x000007fefde60000 - 0x000007fefe063000 	C:\Windows\system32\ole32.dll
0x000007fefd9b0000 - 0x000007fefd9bf000 	C:\Windows\system32\profapi.dll
0x000007fef5fd0000 - 0x000007fef6003000 	E:\WorkSpace\Eclipse\app_update_service\app_bsdiff.dll
0x000007fef3080000 - 0x000007fef3291000 	C:\Windows\system32\MSVCR120D.dll
0x000007fef2c20000 - 0x000007fef2d45000 	C:\Windows\system32\dbghelp.dll

VM Arguments:
jvm_args: -Dfile.encoding=UTF-8 
java_command: app.update.service.BsDiffTest
java_class_path (initial): E:\WorkSpace\Eclipse\app_update_service\build\classes;D:\apache-tomcat-8.0.30\lib\annotations-api.jar;D:\apache-tomcat-8.0.30\lib\catalina-ant.jar;D:\apache-tomcat-8.0.30\lib\catalina-ha.jar;D:\apache-tomcat-8.0.30\lib\catalina-storeconfig.jar;D:\apache-tomcat-8.0.30\lib\catalina-tribes.jar;D:\apache-tomcat-8.0.30\lib\catalina.jar;D:\apache-tomcat-8.0.30\lib\ecj-4.4.2.jar;D:\apache-tomcat-8.0.30\lib\el-api.jar;D:\apache-tomcat-8.0.30\lib\jasper-el.jar;D:\apache-tomcat-8.0.30\lib\jasper.jar;D:\apache-tomcat-8.0.30\lib\jsp-api.jar;D:\apache-tomcat-8.0.30\lib\servlet-api.jar;D:\apache-tomcat-8.0.30\lib\tomcat-api.jar;D:\apache-tomcat-8.0.30\lib\tomcat-coyote.jar;D:\apache-tomcat-8.0.30\lib\tomcat-dbcp.jar;D:\apache-tomcat-8.0.30\lib\tomcat-i18n-es.jar;D:\apache-tomcat-8.0.30\lib\tomcat-i18n-fr.jar;D:\apache-tomcat-8.0.30\lib\tomcat-i18n-ja.jar;D:\apache-tomcat-8.0.30\lib\tomcat-jdbc.jar;D:\apache-tomcat-8.0.30\lib\tomcat-jni.jar;D:\apache-tomcat-8.0.30\lib\tomcat-util-scan.jar;D:\apache-tomcat-8.0.30\lib\tomcat-util.jar;D:\apache-tomcat-8.0.30\lib\tomcat-websocket.jar;D:\apache-tomcat-8.0.30\lib\websocket-api.jar
Launcher Type: SUN_STANDARD

Environment Variables:
JAVA_HOME=C:\Program Files\Java\jdk1.8.0_102
CLASSPATH=.;C:\Program Files\Java\jdk1.8.0_102\lib\dt.jar;C:\Program Files\Java\jdk1.8.0_102\lib\tools.jar
PATH=C:/Program Files/Java/jdk1.8.0_102/bin/../jre/bin/server;C:/Program Files/Java/jdk1.8.0_102/bin/../jre/bin;C:/Program Files/Java/jdk1.8.0_102/bin/../jre/lib/amd64;C:\Program Files\Common Files\Microsoft Shared\Windows Live;C:\Program Files\Java\jdk1.8.0_102\bin;C:\Program Files\Java\jdk1.8.0_102\jre\bin;C:\ProgramData\Oracle\Java\javapath;C:\Program Files (x86)\AMD APP\bin\x86_64;C:\Program Files (x86)\AMD APP\bin\x86;C:\Windows\system32;C:\Windows;C:\Windows\System32\Wbem;C:\Windows\System32\WindowsPowerShell\v1.0\;C:\Program Files (x86)\ATI Technologies\ATI.ACE\Core-Static;C:\Program Files (x86)\Windows Kits\8.1\Windows Performance Toolkit\;C:\Program Files\Microsoft SQL Server\110\Tools\Binn\;C:\Program Files (x86)\Microsoft SDKs\TypeScript\1.0\;C:\Program Files\Microsoft SQL Server\120\Tools\Binn\;D:\TortoiseGit\bin;C:\Program Files\Common Files\Microsoft Shared\Windows Live;E:\SSH;E:\eclipse_mars_x64\eclipse;
USERNAME=ccj
OS=Windows_NT
PROCESSOR_IDENTIFIER=Intel64 Family 6 Model 42 Stepping 7, GenuineIntel



---------------  S Y S T E M  ---------------

OS: Windows 7 , 64 bit Build 7601 (6.1.7601.17514)

CPU:total 4 (2 cores per cpu, 2 threads per core) family 6 model 42 stepping 7, cmov, cx8, fxsr, mmx, sse, sse2, sse3, ssse3, sse4.1, sse4.2, popcnt, avx, aes, clmul, ht, tsc, tscinvbit

Memory: 4k page, physical 8331120k(2821492k free), swap 16660396k(8141064k free)

vm_info: Java HotSpot(TM) 64-Bit Server VM (25.102-b14) for windows-amd64 JRE (1.8.0_102-b14), built on Jun 22 2016 13:15:21 by "java_re" with MS VC++ 10.0 (VS2010)

time: Mon Sep 12 11:50:20 2016
elapsed time: 0 seconds (0d 0h 0m 0s)

