e:\workspace\vswork\app_bsdiff\x64\debug\app_bsdiff.lib
e:\workspace\vswork\app_bsdiff\x64\debug\app_bsdiff.exp
e:\workspace\vswork\app_bsdiff\app_bsdiff\x64\debug\vc120.pdb
e:\workspace\vswork\app_bsdiff\app_bsdiff\x64\debug\vc120.idb
e:\workspace\vswork\app_bsdiff\app_bsdiff\x64\debug\blocksort.obj
e:\workspace\vswork\app_bsdiff\app_bsdiff\x64\debug\bzlib.obj
e:\workspace\vswork\app_bsdiff\app_bsdiff\x64\debug\compress.obj
e:\workspace\vswork\app_bsdiff\app_bsdiff\x64\debug\crctable.obj
e:\workspace\vswork\app_bsdiff\app_bsdiff\x64\debug\decompress.obj
e:\workspace\vswork\app_bsdiff\app_bsdiff\x64\debug\huffman.obj
e:\workspace\vswork\app_bsdiff\app_bsdiff\x64\debug\randtable.obj
e:\workspace\vswork\app_bsdiff\app_bsdiff\x64\debug\bsdiff.obj
e:\workspace\vswork\app_bsdiff\x64\debug\app_bsdiff.ilk
e:\workspace\vswork\app_bsdiff\x64\debug\app_bsdiff.dll
e:\workspace\vswork\app_bsdiff\x64\debug\app_bsdiff.pdb
e:\workspace\vswork\app_bsdiff\app_bsdiff\x64\debug\app_bsdiff.tlog\app_bsdiff.write.1u.tlog
e:\workspace\vswork\app_bsdiff\app_bsdiff\x64\debug\app_bsdiff.tlog\cl.command.1.tlog
e:\workspace\vswork\app_bsdiff\app_bsdiff\x64\debug\app_bsdiff.tlog\cl.read.1.tlog
e:\workspace\vswork\app_bsdiff\app_bsdiff\x64\debug\app_bsdiff.tlog\cl.write.1.tlog
e:\workspace\vswork\app_bsdiff\app_bsdiff\x64\debug\app_bsdiff.tlog\link.command.1.tlog
e:\workspace\vswork\app_bsdiff\app_bsdiff\x64\debug\app_bsdiff.tlog\link.read.1.tlog
e:\workspace\vswork\app_bsdiff\app_bsdiff\x64\debug\app_bsdiff.tlog\link.write.1.tlog
